#
# A fatal error has been detected by the Java Runtime Environment:
#
#  Internal Error (javaClasses.cpp:129), pid=2404, tid=3644
#  fatal error: Invalid layout of preloaded class
#
# JRE version: 7.0_07-b11
# Java VM: Java HotSpot(TM) Client VM (23.3-b01 mixed mode windows-x86 )
# Failed to write core dump. Minidumps are not enabled by default on client versions of Windows
#
# If you would like to submit a bug report, please visit:
#   http://bugreport.sun.com/bugreport/crash.jsp
#

---------------  T H R E A D  ---------------

Current thread (0x01b7b000):  JavaThread "Unknown thread" [_thread_in_vm, id=3644, stack(0x01a80000,0x01ad0000)]

Stack: [0x01a80000,0x01ad0000],  sp=0x01acf49c,  free space=317k
Native frames: (J=compiled Java code, j=interpreted, Vv=VM code, C=native code)
V  [jvm.dll+0x16f2f1]
V  [jvm.dll+0x169496]
V  [jvm.dll+0x2082f]
V  [jvm.dll+0x208b6]
V  [jvm.dll+0x2e64d]
V  [jvm.dll+0x2e8f9]
V  [jvm.dll+0x77d01]
V  [jvm.dll+0x780bb]
V  [jvm.dll+0x1290e1]
V  [jvm.dll+0x149b8a]
V  [jvm.dll+0xa997f]
C  [javaw.exe+0x1359]
C  [javaw.exe+0x1dbb]
C  [javaw.exe+0xa0eb]
C  [javaw.exe+0xa175]
C  [kernel32.dll+0x4ee1c]  BaseThreadInitThunk+0x12
C  [ntdll.dll+0x637f5]  RtlInitializeExceptionChain+0xef
C  [ntdll.dll+0x637c8]  RtlInitializeExceptionChain+0xc2


---------------  P R O C E S S  ---------------

Java Threads: ( => current thread )

Other Threads:

=>0x01b7b000 (exited) JavaThread "Unknown thread" [_thread_in_vm, id=3644, stack(0x01a80000,0x01ad0000)]

VM state:not at safepoint (not fully initialized)

VM Mutex/Monitor currently owned by a thread: None

GC Heap History (0 events):
No events

Deoptimization events (0 events):
No events

Internal exceptions (0 events):
No events

Events (10 events):
Event: 0.015 loading class 0x01b96670 done
Event: 0.015 loading class 0x01b7f868 done
Event: 0.015 loading class 0x01b7f840
Event: 0.016 loading class 0x01c08598
Event: 0.016 loading class 0x01c08598 done
Event: 0.016 loading class 0x01c085d0
Event: 0.016 loading class 0x01c085d0 done
Event: 0.016 loading class 0x01bfe458
Event: 0.016 loading class 0x01bfe458 done
Event: 0.016 loading class 0x01b7f840 done


Dynamic libraries:
0x01340000 - 0x0136f000 	D:\Java\jdk1.7.0_07\bin\javaw.exe
0x77650000 - 0x7778c000 	C:\windows\SYSTEM32\ntdll.dll
0x77350000 - 0x77424000 	C:\windows\system32\kernel32.dll
0x758a0000 - 0x758eb000 	C:\windows\system32\KERNELBASE.dll
0x77490000 - 0x77530000 	C:\windows\system32\ADVAPI32.dll
0x77060000 - 0x7710c000 	C:\windows\system32\msvcrt.dll
0x76a50000 - 0x76a69000 	C:\windows\SYSTEM32\sechost.dll
0x75ae0000 - 0x75b82000 	C:\windows\system32\RPCRT4.dll
0x77220000 - 0x772e9000 	C:\windows\system32\USER32.dll
0x75d20000 - 0x75d6e000 	C:\windows\system32\GDI32.dll
0x77790000 - 0x7779a000 	C:\windows\system32\LPK.dll
0x75bd0000 - 0x75c6d000 	C:\windows\system32\USP10.dll
0x74820000 - 0x749be000 	C:\windows\WinSxS\x86_microsoft.windows.common-controls_6595b64144ccf1df_6.0.7601.17514_none_41e6975e2bd6f2b2\COMCTL32.dll
0x77430000 - 0x77487000 	C:\windows\system32\SHLWAPI.dll
0x75d00000 - 0x75d1f000 	C:\windows\system32\IMM32.DLL
0x77110000 - 0x771dc000 	C:\windows\system32\MSCTF.dll
0x6b190000 - 0x6b24e000 	D:\Java\jdk1.7.0_07\jre\bin\msvcr100.dll
0x68830000 - 0x68b7c000 	D:\Java\jdk1.7.0_07\jre\bin\client\jvm.dll
0x73b60000 - 0x73b67000 	C:\windows\system32\WSOCK32.dll
0x75b90000 - 0x75bc5000 	C:\windows\system32\WS2_32.dll
0x771e0000 - 0x771e6000 	C:\windows\system32\NSI.dll
0x73fc0000 - 0x73ff2000 	C:\windows\system32\WINMM.dll
0x76a70000 - 0x76a75000 	C:\windows\system32\PSAPI.DLL
0x74080000 - 0x7408c000 	D:\Java\jdk1.7.0_07\jre\bin\verify.dll
0x6eda0000 - 0x6edc0000 	D:\Java\jdk1.7.0_07\jre\bin\java.dll
0x73b40000 - 0x73b53000 	D:\Java\jdk1.7.0_07\jre\bin\zip.dll
0x6ec40000 - 0x6ed2b000 	C:\windows\system32\dbghelp.dll

VM Arguments:
jvm_args: -Dfile.encoding=GBK -Xbootclasspath:D:\newAndroid\adt-bundle-windows-x86-20130522\sdk\platforms\android-4.0.4\android.jar 
java_command: Date
Launcher Type: SUN_STANDARD

Environment Variables:
JAVA_HOME=D:\Java\jdk1.7.0_07
CLASSPATH=D:\Java\jdk1.7.0_07\lib\dt.jar;D:\Java\jdk1.7.0_07\lib\tools.jar;
PATH=D:/Java/jdk1.7.0_07/bin/../jre/bin/client;D:/Java/jdk1.7.0_07/bin/../jre/bin;D:/Java/jdk1.7.0_07/bin/../jre/lib/i386;C:\windows\system32;C:\windows;C:\windows\System32\Wbem;C:\windows\System32\WindowsPowerShell\v1.0\;C:\Program Files\ATI Technologies\ATI.ACE\Core-Static;D:\Java\jdk1.7.0_07\bin;D:\newAndroid\adt-bundle-windows-x86-20130522\sdk\platform-tools;;D:\newAndroid\adt-bundle-windows-x86-20130522\eclipse;
USERNAME=Administrator
OS=Windows_NT
PROCESSOR_IDENTIFIER=x86 Family 16 Model 6 Stepping 2, AuthenticAMD



---------------  S Y S T E M  ---------------

OS: Windows 7 Build 7601 Service Pack 1

CPU:total 2 (2 cores per cpu, 1 threads per core) family 16 model 6 stepping 2, cmov, cx8, fxsr, mmx, sse, sse2, sse3, popcnt, mmxext, 3dnowpref, lzcnt, tsc, tscinvbit, tscinv

Memory: 4k page, physical 2093944k(907516k free), swap 4187888k(2307344k free)

vm_info: Java HotSpot(TM) Client VM (23.3-b01) for windows-x86 JRE (1.7.0_07-b11), built on Sep  7 2012 01:40:56 by "java_re" with unknown MS VC++:1600

time: Tue Jan 27 23:19:33 2015
elapsed time: 0 seconds

