#
# A fatal error has been detected by the Java Runtime Environment:
#
#  Internal Error (javaClasses.cpp:129), pid=5024, tid=2108
#  fatal error: Invalid layout of preloaded class
#
# JRE version: 7.0_07-b11
# Java VM: Java HotSpot(TM) Client VM (23.3-b01 mixed mode windows-x86 )
# Failed to write core dump. Minidumps are not enabled by default on client versions of Windows
#
# If you would like to submit a bug report, please visit:
#   http://bugreport.sun.com/bugreport/crash.jsp
#

---------------  T H R E A D  ---------------

Current thread (0x0170b000):  JavaThread "Unknown thread" [_thread_in_vm, id=2108, stack(0x01260000,0x012b0000)]

Stack: [0x01260000,0x012b0000],  sp=0x012af90c,  free space=318k
Native frames: (J=compiled Java code, j=interpreted, Vv=VM code, C=native code)
V  [jvm.dll+0x16f2f1]
V  [jvm.dll+0x169496]
V  [jvm.dll+0x2082f]
V  [jvm.dll+0x208b6]
V  [jvm.dll+0x2e64d]
V  [jvm.dll+0x2e8f9]
V  [jvm.dll+0x77d01]
V  [jvm.dll+0x780bb]
V  [jvm.dll+0x1290e1]
V  [jvm.dll+0x149b8a]
V  [jvm.dll+0xa997f]
C  [javaw.exe+0x1359]
C  [javaw.exe+0x1dbb]
C  [javaw.exe+0xa0eb]
C  [javaw.exe+0xa175]
C  [kernel32.dll+0x4ee1c]  BaseThreadInitThunk+0x12
C  [ntdll.dll+0x637f5]  RtlInitializeExceptionChain+0xef
C  [ntdll.dll+0x637c8]  RtlInitializeExceptionChain+0xc2


---------------  P R O C E S S  ---------------

Java Threads: ( => current thread )

Other Threads:

=>0x0170b000 (exited) JavaThread "Unknown thread" [_thread_in_vm, id=2108, stack(0x01260000,0x012b0000)]

VM state:not at safepoint (not fully initialized)

VM Mutex/Monitor currently owned by a thread: None

GC Heap History (0 events):
No events

Deoptimization events (0 events):
No events

Internal exceptions (0 events):
No events

Events (10 events):
Event: 0.016 loading class 0x01616670 done
Event: 0.016 loading class 0x0170f8b8 done
Event: 0.016 loading class 0x0170f890
Event: 0.017 loading class 0x01688598
Event: 0.017 loading class 0x01688598 done
Event: 0.017 loading class 0x016885d0
Event: 0.017 loading class 0x016885d0 done
Event: 0.017 loading class 0x0167e458
Event: 0.017 loading class 0x0167e458 done
Event: 0.017 loading class 0x0170f890 done


Dynamic libraries:
0x01210000 - 0x0123f000 	D:\Java\jdk1.7.0_07\bin\javaw.exe
0x76e80000 - 0x76fbc000 	C:\windows\SYSTEM32\ntdll.dll
0x76170000 - 0x76244000 	C:\windows\system32\kernel32.dll
0x75230000 - 0x7527b000 	C:\windows\system32\KERNELBASE.dll
0x76440000 - 0x764e0000 	C:\windows\system32\ADVAPI32.dll
0x77000000 - 0x770ac000 	C:\windows\system32\msvcrt.dll
0x76af0000 - 0x76b09000 	C:\windows\SYSTEM32\sechost.dll
0x762a0000 - 0x76342000 	C:\windows\system32\RPCRT4.dll
0x75360000 - 0x75429000 	C:\windows\system32\USER32.dll
0x76350000 - 0x7639e000 	C:\windows\system32\GDI32.dll
0x76fc0000 - 0x76fca000 	C:\windows\system32\LPK.dll
0x768b0000 - 0x7694d000 	C:\windows\system32\USP10.dll
0x74050000 - 0x741ee000 	C:\windows\WinSxS\x86_microsoft.windows.common-controls_6595b64144ccf1df_6.0.7601.17514_none_41e6975e2bd6f2b2\COMCTL32.dll
0x76570000 - 0x765c7000 	C:\windows\system32\SHLWAPI.dll
0x75430000 - 0x7544f000 	C:\windows\system32\IMM32.DLL
0x75450000 - 0x7551c000 	C:\windows\system32\MSCTF.dll
0x6a350000 - 0x6a40e000 	D:\Java\jdk1.7.0_07\jre\bin\msvcr100.dll
0x67380000 - 0x676cc000 	D:\Java\jdk1.7.0_07\jre\bin\client\jvm.dll
0x73650000 - 0x73657000 	C:\windows\system32\WSOCK32.dll
0x75320000 - 0x75355000 	C:\windows\system32\WS2_32.dll
0x75310000 - 0x75316000 	C:\windows\system32\NSI.dll
0x73580000 - 0x735b2000 	C:\windows\system32\WINMM.dll
0x763a0000 - 0x763a5000 	C:\windows\system32\PSAPI.DLL
0x732d0000 - 0x732dc000 	D:\Java\jdk1.7.0_07\jre\bin\verify.dll
0x732b0000 - 0x732d0000 	D:\Java\jdk1.7.0_07\jre\bin\java.dll
0x6fa80000 - 0x6fa93000 	D:\Java\jdk1.7.0_07\jre\bin\zip.dll
0x6e860000 - 0x6e94b000 	C:\windows\system32\dbghelp.dll

VM Arguments:
jvm_args: -Dfile.encoding=GBK -Xbootclasspath:D:\newAndroid\adt-bundle-windows-x86-20130522\sdk\platforms\android-4.0.4\android.jar 
java_command: com.phlofy.mygoldmark.Caculate
Launcher Type: SUN_STANDARD

Environment Variables:
JAVA_HOME=D:\Java\jdk1.7.0_07
CLASSPATH=D:\Java\jdk1.7.0_07\lib\dt.jar;D:\Java\jdk1.7.0_07\lib\tools.jar;
PATH=D:/Java/jdk1.7.0_07/bin/../jre/bin/client;D:/Java/jdk1.7.0_07/bin/../jre/bin;D:/Java/jdk1.7.0_07/bin/../jre/lib/i386;C:\windows\system32;C:\windows;C:\windows\System32\Wbem;C:\windows\System32\WindowsPowerShell\v1.0\;C:\Program Files\ATI Technologies\ATI.ACE\Core-Static;D:\Java\jdk1.7.0_07\bin;D:\newAndroid\adt-bundle-windows-x86-20130522\sdk\platform-tools;;D:\newAndroid\adt-bundle-windows-x86-20130522\eclipse;
USERNAME=Administrator
OS=Windows_NT
PROCESSOR_IDENTIFIER=x86 Family 16 Model 6 Stepping 2, AuthenticAMD



---------------  S Y S T E M  ---------------

OS: Windows 7 Build 7601 Service Pack 1

CPU:total 2 (2 cores per cpu, 1 threads per core) family 16 model 6 stepping 2, cmov, cx8, fxsr, mmx, sse, sse2, sse3, popcnt, mmxext, 3dnowpref, lzcnt, tsc, tscinvbit, tscinv

Memory: 4k page, physical 2093944k(934320k free), swap 4187888k(2277352k free)

vm_info: Java HotSpot(TM) Client VM (23.3-b01) for windows-x86 JRE (1.7.0_07-b11), built on Sep  7 2012 01:40:56 by "java_re" with unknown MS VC++:1600

time: Tue Jan 20 23:07:27 2015
elapsed time: 0 seconds

